<?xml version="1.0" encoding="UTF-8"?>
<!-- Generated by org.testng.reporters.JUnitReportReporter -->
<testsuite hostname="DTPN-WIN-NK-01" failures="0" tests="1" name="api.test.UserTests" time="3.257" errors="0" timestamp="2023-11-17T20:56:45 IST" skipped="0">
  <testcase classname="api.test.UserTests" name="testPostUser" time="3.257"/>
</testsuite> <!-- api.test.UserTests -->
